<?xml version="1.0" encoding="UTF-8"?>
<!-- Generated by org.testng.reporters.JUnitXMLReporter -->
<testsuite ignored="0" hostname="hamza" failures="0" tests="10" name="Default test" time="36.59" errors="0" timestamp="2024-06-14T14:22:51 EET">
  <testcase classname="booking.myTest" name="checkTheNextStayIsDisplayed" time="2.106"/>
  <testcase classname="booking.myTest" name="selectAcity" time="0.344"/>
  <testcase classname="booking.myTest" name="checkInAndOutDate" time="1.048"/>
  <testcase classname="booking.myTest" name="numberOfRooms" time="0.532"/>
  <testcase classname="booking.myTest" name="searchButton" time="3.552"/>
  <testcase classname="booking.myTest" name="propertiesFoundNumber" time="5.625"/>
  <testcase classname="booking.myTest" name="scrollToElements" time="1.471"/>
  <testcase classname="booking.myTest" name="checkThePrice" time="12.187"/>
  <testcase classname="booking.myTest" name="pressReserveButton" time="0.577"/>
  <testcase classname="booking.myTest" name="clickOnTheReserButton" time="1.951"/>
</testsuite> <!-- Default test -->
