<?xml version="1.0" encoding="UTF-8"?>
<!-- Generated by org.testng.reporters.JUnitXMLReporter -->
<testsuite ignored="1" hostname="hamza" failures="0" tests="7" name="Default test" time="23.722" errors="0" timestamp="2024-06-13T01:58:55 EET">
  <testcase classname="booking.myTest" name="checkTheNextStayIsDisplayed" time="0.696"/>
  <testcase classname="booking.myTest" name="selectAcity" time="0.364"/>
  <testcase classname="booking.myTest" name="CheckInAndOutDate" time="1.0"/>
  <testcase classname="booking.myTest" name="numberOfRooms" time="0.508"/>
  <testcase classname="booking.myTest" name="SearchButton" time="3.82"/>
  <testcase classname="booking.myTest" name="propertiesFoundNumber" time="5.209"/>
  <testcase classname="booking.myTest" name="ScrollToElements" time="0.916"/>
  <testcase classname="booking.myTest" name="checkThePrice" time="0.0">
    <ignored/>
  </testcase> <!-- checkThePrice -->
</testsuite> <!-- Default test -->
